build/app/intermediates/manifest_merge_blame_file/release/manifest-merger-blame-release-report.txt
1<?xml version="1.0" encoding="utf-8"?>
2<manifest xmlns:android="http://schemas.android.com/apk/res/android"
3    package="com.example.cnpchatbot"
4    android:versionCode="1"
5    android:versionName="1.0.0" >
6
7    <uses-sdk
8        android:minSdkVersion="16"
8-->src/main/AndroidManifest.xml
9        android:targetSdkVersion="33" />
9-->src/main/AndroidManifest.xml
10
11    <application
11-->src/main/AndroidManifest.xml:2:5-31:19
12        android:appComponentFactory="androidx.core.app.CoreComponentFactory"
12-->[androidx.core:core:1.6.0] AndroidManifest.xml:24:18-86
13        android:icon="@mipmap/ic_launcher"
13-->src/main/AndroidManifest.xml:4:9-43
14        android:label="cnpchatbot" >
14-->src/main/AndroidManifest.xml:3:9-35
15        <activity
15-->src/main/AndroidManifest.xml:5:9-25:20
16            android:name="com.example.cnpchatbot.MainActivity"
16-->src/main/AndroidManifest.xml:6:13-41
17            android:configChanges="orientation|keyboardHidden|keyboard|screenSize|smallestScreenSize|locale|layoutDirection|fontScale|screenLayout|density|uiMode"
17-->src/main/AndroidManifest.xml:10:13-163
18            android:exported="true"
18-->src/main/AndroidManifest.xml:7:13-36
19            android:hardwareAccelerated="true"
19-->src/main/AndroidManifest.xml:11:13-47
20            android:launchMode="singleTop"
20-->src/main/AndroidManifest.xml:8:13-43
21            android:theme="@style/LaunchTheme"
21-->src/main/AndroidManifest.xml:9:13-47
22            android:windowSoftInputMode="adjustResize" >
22-->src/main/AndroidManifest.xml:12:13-55
23
24            <!--
25                 Specifies an Android theme to apply to this Activity as soon as
26                 the Android process has started. This theme is visible to the user
27                 while the Flutter UI initializes. After that, this theme continues
28                 to determine the Window background behind the Flutter UI.
29            -->
30            <meta-data
30-->src/main/AndroidManifest.xml:17:13-20:17
31                android:name="io.flutter.embedding.android.NormalTheme"
31-->src/main/AndroidManifest.xml:18:15-70
32                android:resource="@style/NormalTheme" />
32-->src/main/AndroidManifest.xml:19:15-52
33
34            <intent-filter>
34-->src/main/AndroidManifest.xml:21:13-24:29
35                <action android:name="android.intent.action.MAIN" />
35-->src/main/AndroidManifest.xml:22:17-68
35-->src/main/AndroidManifest.xml:22:25-66
36
37                <category android:name="android.intent.category.LAUNCHER" />
37-->src/main/AndroidManifest.xml:23:17-76
37-->src/main/AndroidManifest.xml:23:27-74
38            </intent-filter>
39        </activity>
40        <!--
41             Don't delete the meta-data below.
42             This is used by the Flutter tool to generate GeneratedPluginRegistrant.java
43        -->
44        <meta-data
44-->src/main/AndroidManifest.xml:28:9-30:33
45            android:name="flutterEmbedding"
45-->src/main/AndroidManifest.xml:29:13-44
46            android:value="2" />
46-->src/main/AndroidManifest.xml:30:13-30
47
48        <uses-library
48-->[androidx.window:window:1.0.0-beta04] AndroidManifest.xml:25:9-27:40
49            android:name="androidx.window.extensions"
49-->[androidx.window:window:1.0.0-beta04] AndroidManifest.xml:26:13-54
50            android:required="false" />
50-->[androidx.window:window:1.0.0-beta04] AndroidManifest.xml:27:13-37
51        <uses-library
51-->[androidx.window:window:1.0.0-beta04] AndroidManifest.xml:28:9-30:40
52            android:name="androidx.window.sidecar"
52-->[androidx.window:window:1.0.0-beta04] AndroidManifest.xml:29:13-51
53            android:required="false" />
53-->[androidx.window:window:1.0.0-beta04] AndroidManifest.xml:30:13-37
54    </application>
55
56</manifest>